[2m2025-06-23T12:57:01.502831Z[0m [31mERROR[0m [2mglazewm[0m[2m:[0m No workspace.
[2m2025-06-23T13:15:27.664652Z[0m [31mERROR[0m [2mglazewm[0m[2m:[0m Workspace with name '1' doesn't exist or is already active.
[2m2025-06-23T13:32:33.753355Z[0m [31mERROR[0m [2mglazewm[0m[2m:[0m keybindings[36].commands: unrecognized subcommand
 at line 289 column 15
[2m2025-06-23T13:42:36.382835Z[0m [31mERROR[0m [2mglazewm[0m[2m:[0m Workspace with name 'web' doesn't exist or is already active.
[2m2025-06-23T14:01:01.071664Z[0m [31mERROR[0m [2mglazewm[0m[2m:[0m Workspace with name '0' doesn't exist or is already active.
[2m2025-06-23T14:01:08.764061Z[0m [31mERROR[0m [2mglazewm[0m[2m:[0m Workspace with name '0' doesn't exist or is already active.
[2m2025-06-23T14:13:26.188140Z[0m [31mERROR[0m [2mglazewm[0m[2m:[0m Workspace with name '1' doesn't exist or is already active.
[2m2025-06-23T14:23:32.363894Z[0m [31mERROR[0m [2mglazewm[0m[2m:[0m Workspace with name '1:🌐' doesn't exist or is already active.
[2m2025-06-25T12:00:40.481985Z[0m [31mERROR[0m [2mglazewm[0m[2m:[0m Another instance of the application is already running.
[2m2025-06-30T09:07:16.996562Z[0m [31mERROR[0m [2mglazewm[0m[2m:[0m keybindings[38].commands: one or more required arguments were not provided
 at line 344 column 15
[2m2025-06-30T09:07:25.206166Z[0m [31mERROR[0m [2mglazewm[0m[2m:[0m keybindings[38].commands: one of the values isn't valid for an argument
 at line 344 column 15
[2m2025-06-30T09:09:03.250385Z[0m [31mERROR[0m [2mglazewm[0m[2m:[0m keybindings[38].commands: unrecognized subcommand
 at line 344 column 15
[2m2025-06-30T09:09:06.973762Z[0m [31mERROR[0m [2mglazewm[0m[2m:[0m keybindings[38].commands: one or more required arguments were not provided
 at line 344 column 15
[2m2025-06-30T09:10:21.321909Z[0m [31mERROR[0m [2mglazewm[0m[2m:[0m keybindings[38].commands: one of the values isn't valid for an argument
 at line 344 column 15
[2m2025-06-30T09:24:12.105655Z[0m [31mERROR[0m [2mglazewm[0m[2m:[0m Another instance of the application is already running.
[2m2025-06-30T12:18:12.849726Z[0m [31mERROR[0m [2mglazewm[0m[2m:[0m Failed to send response: channel closed
[2m2025-06-30T12:58:33.675644Z[0m [31mERROR[0m [2mglazewm[0m[2m:[0m Another instance of the application is already running.
[2m2025-07-02T10:14:59.528700Z[0m [31mERROR[0m [2mglazewm[0m[2m:[0m Failed to send response: channel closed
