[2m2025-06-30T13:21:03.883963Z[0m [31mERROR[0m [2mzebar::sys_tray[0m[2m:[0m Error handling menu event: No widget pack found for 'iattaquer.attaquer'.
[2m2025-07-01T12:08:21.176744Z[0m [31mERROR[0m [2mzebar[0m[2m:[0m Failed to parse JSON from file: C:\Users\dongy\.glzr/zebar\settings.json

Caused by:
    expected value at line 4 column 5
[2m2025-07-01T12:08:29.898279Z[0m [31mERROR[0m [2mzebar[0m[2m:[0m Failed to parse JSON from file: C:\Users\dongy\.glzr/zebar\settings.json

Caused by:
    expected value at line 4 column 5
[2m2025-07-01T12:08:34.014917Z[0m [31mERROR[0m [2mzebar[0m[2m:[0m Failed to parse JSON from file: C:\Users\dongy\.glzr/zebar\settings.json

Caused by:
    expected value at line 4 column 5
[2m2025-07-01T12:09:04.171466Z[0m [31mERROR[0m [2mzebar[0m[2m:[0m Failed to parse JSON from file: C:\Users\dongy\.glzr/zebar\settings.json

Caused by:
    missing field `pack` at line 5 column 5
[2m2025-07-02T12:48:36.446648Z[0m [31mERROR[0m [2mzebar::sys_tray[0m[2m:[0m Error handling menu event: HTML file not found at './dist/index.html' for config 'C:\Users\dongy\.glzr\zebar\attaquer-solid-ts\zpack.json'.
[2m2025-07-02T15:07:51.399740Z[0m [31mERROR[0m [2mzebar::sys_tray[0m[2m:[0m Error handling menu event: HTML file not found at './dist/index.html' for config 'C:\Users\dongy\.glzr\zebar\attaquer-solid-ts\zpack.json'.
[2m2025-07-02T23:48:56.020473Z[0m [31mERROR[0m [2mzebar::sys_tray[0m[2m:[0m Error handling menu event: HTML file not found at './dist/index.html' for config 'C:\Users\yuanda.dong_innomate\.glzr\zebar\attaquer-solid-ts\zpack.json'.
[2m2025-07-02T23:49:55.083044Z[0m [31mERROR[0m [2mzebar::sys_tray[0m[2m:[0m Error handling menu event: HTML file not found at './dist/index.html' for config 'C:\Users\yuanda.dong_innomate\.glzr\zebar\attaquer-solid-ts\zpack.json'.
[2m2025-07-02T23:50:53.803655Z[0m [31mERROR[0m [2mzebar::sys_tray[0m[2m:[0m Error handling menu event: HTML file not found at './dist/index.html' for config 'C:\Users\yuanda.dong_innomate\.glzr\zebar\attaquer-solid-ts\zpack.json'.
[2m2025-07-02T23:51:38.303930Z[0m [31mERROR[0m [2mzebar::sys_tray[0m[2m:[0m Error handling menu event: HTML file not found at './dist/index.html' for config 'C:\Users\yuanda.dong_innomate\.glzr\zebar\attaquer-solid-ts\zpack.json'.
[2m2025-07-02T23:51:41.583031Z[0m [31mERROR[0m [2mzebar::sys_tray[0m[2m:[0m Error handling menu event: HTML file not found at './dist/index.html' for config 'C:\Users\yuanda.dong_innomate\.glzr\zebar\attaquer-solid-ts\zpack.json'.
[2m2025-07-02T23:52:50.811990Z[0m [31mERROR[0m [2mzebar::sys_tray[0m[2m:[0m Error handling menu event: HTML file not found at './dist/index.html' for config 'C:\Users\yuanda.dong_innomate\.glzr\zebar\attaquer-solid-ts\zpack.json'.
[2m2025-07-02T23:52:54.343671Z[0m [31mERROR[0m [2mzebar::sys_tray[0m[2m:[0m Error handling menu event: HTML file not found at './dist/index.html' for config 'C:\Users\yuanda.dong_innomate\.glzr\zebar\attaquer-solid-ts\zpack.json'.
[2m2025-07-02T23:53:04.174444Z[0m [31mERROR[0m [2mzebar::sys_tray[0m[2m:[0m Error handling menu event: HTML file not found at './dist/index.html' for config 'C:\Users\yuanda.dong_innomate\.glzr\zebar\attaquer-solid-ts\zpack.json'.
[2m2025-07-02T23:56:10.750186Z[0m [31mERROR[0m [2mzebar::sys_tray[0m[2m:[0m Error handling menu event: HTML file not found at './dist/index.html' for config 'C:\Users\yuanda.dong_innomate\.glzr\zebar\attaquer-solid-ts\zpack.json'.
[2m2025-07-02T23:56:37.402159Z[0m [31mERROR[0m [2mzebar::sys_tray[0m[2m:[0m Error handling menu event: HTML file not found at './dist/index.html' for config 'C:\Users\yuanda.dong_innomate\.glzr\zebar\attaquer-solid-ts\zpack.json'.
[2m2025-07-02T23:57:39.550564Z[0m [31mERROR[0m [2mzebar::sys_tray[0m[2m:[0m Error handling menu event: HTML file not found at './dist/index.html' for config 'C:\Users\yuanda.dong_innomate\.glzr\zebar\attaquer-solid-ts\zpack.json'.
[2m2025-07-03T00:00:39.947835Z[0m [31mERROR[0m [2mzebar::sys_tray[0m[2m:[0m Error handling menu event: HTML file not found at './dist/index.html' for config 'C:\Users\yuanda.dong_innomate\.glzr\zebar\attaquer-solid-ts\zpack.json'.
[2m2025-07-03T00:07:21.437553Z[0m [31mERROR[0m [2mzebar::sys_tray[0m[2m:[0m Error handling menu event: HTML file not found at './dist/index.html' for config 'C:\Users\yuanda.dong_innomate\.glzr\zebar\attaquer-solid-ts\zpack.json'.
